app/build/intermediates/manifest_merge_blame_file/release/manifest-merger-blame-release-report.txt
1<?xml version="1.0" encoding="utf-8"?>
2<manifest xmlns:android="http://schemas.android.com/apk/res/android"
3    package="com.veggie.android.simpeldesa"
4    android:versionCode="1"
5    android:versionName="1.0" >
6
7    <uses-sdk
8        android:minSdkVersion="23"
8-->src\main\AndroidManifest.xml
9        android:targetSdkVersion="31" />
9-->src\main\AndroidManifest.xml
10
11    <uses-permission android:name="android.permission.INTERNET" />
11-->src\main\AndroidManifest.xml:4:5-66
11-->src\main\AndroidManifest.xml:4:22-64
12
13    <application
13-->src\main\AndroidManifest.xml:5:5-24:19
14        android:name="com.veggie.android.simpeldesa.MainApp"
14-->src\main\AndroidManifest.xml:11:9-32
15        android:allowBackup="false"
15-->src\main\AndroidManifest.xml:6:9-36
16        android:appComponentFactory="androidx.core.app.CoreComponentFactory"
16-->[androidx.core:core:1.3.0] AndroidManifest.xml:24:18-86
17        android:extractNativeLibs="false"
18        android:icon="@mipmap/ic_launcher"
18-->src\main\AndroidManifest.xml:7:9-43
19        android:label="@string/app_name"
19-->src\main\AndroidManifest.xml:8:9-41
20        android:roundIcon="@mipmap/ic_launcher_round"
20-->src\main\AndroidManifest.xml:9:9-54
21        android:supportsRtl="true"
21-->src\main\AndroidManifest.xml:10:9-35
22        android:theme="@style/AppTheme" >
22-->src\main\AndroidManifest.xml:13:9-40
23        <activity
23-->src\main\AndroidManifest.xml:14:9-23:20
24            android:name="com.veggie.android.simpeldesa.MainActivity"
24-->src\main\AndroidManifest.xml:15:13-41
25            android:exported="true"
25-->src\main\AndroidManifest.xml:17:13-36
26            android:label="@string/app_name"
26-->src\main\AndroidManifest.xml:16:13-45
27            android:theme="@style/AppTheme" >
27-->src\main\AndroidManifest.xml:18:13-44
28            <intent-filter>
28-->src\main\AndroidManifest.xml:19:13-22:29
29                <action android:name="android.intent.action.MAIN" />
29-->src\main\AndroidManifest.xml:20:17-69
29-->src\main\AndroidManifest.xml:20:25-66
30
31                <category android:name="android.intent.category.LAUNCHER" />
31-->src\main\AndroidManifest.xml:21:17-77
31-->src\main\AndroidManifest.xml:21:27-74
32            </intent-filter>
33        </activity>
34
35        <provider
35-->[androidx.lifecycle:lifecycle-process:2.2.0] AndroidManifest.xml:25:9-29:43
36            android:name="androidx.lifecycle.ProcessLifecycleOwnerInitializer"
36-->[androidx.lifecycle:lifecycle-process:2.2.0] AndroidManifest.xml:26:13-79
37            android:authorities="com.veggie.android.simpeldesa.lifecycle-process"
37-->[androidx.lifecycle:lifecycle-process:2.2.0] AndroidManifest.xml:27:13-69
38            android:exported="false"
38-->[androidx.lifecycle:lifecycle-process:2.2.0] AndroidManifest.xml:28:13-37
39            android:multiprocess="true" />
39-->[androidx.lifecycle:lifecycle-process:2.2.0] AndroidManifest.xml:29:13-40
40    </application>
41
42</manifest>